<?xml version="1.0" encoding="UTF-8"?>
<testng-results skipped="0" failed="0" total="2" passed="2">
  <reporter-output>
  </reporter-output>
  <suite name="Default suite" duration-ms="13239" started-at="2021-01-02T13:34:59Z" finished-at="2021-01-02T13:35:12Z">
    <groups>
    </groups>
    <test name="Default test" duration-ms="13239" started-at="2021-01-02T13:34:59Z" finished-at="2021-01-02T13:35:12Z">
      <class name="com.learnautomation.testcases.LoginTestCRM">
        <test-method status="PASS" signature="setUpSuite()[pri:0, instance:com.learnautomation.testcases.LoginTestCRM@29176cc1]" name="setUpSuite" is-config="true" duration-ms="444" started-at="2021-01-02T19:04:58Z" finished-at="2021-01-02T19:04:59Z">
          <reporter-output>
          </reporter-output>
        </test-method> <!-- setUpSuite -->
        <test-method status="PASS" signature="setup()[pri:0, instance:com.learnautomation.testcases.LoginTestCRM@29176cc1]" name="setup" is-config="true" duration-ms="9904" started-at="2021-01-02T19:04:59Z" finished-at="2021-01-02T19:05:09Z">
          <reporter-output>
          </reporter-output>
        </test-method> <!-- setup -->
        <test-method status="PASS" signature="LoginApp()[pri:0, instance:com.learnautomation.testcases.LoginTestCRM@29176cc1]" name="LoginApp" duration-ms="712" started-at="2021-01-02T19:05:09Z" finished-at="2021-01-02T19:05:09Z">
          <reporter-output>
          </reporter-output>
        </test-method> <!-- LoginApp -->
        <test-method status="PASS" signature="testdownMethod(org.testng.ITestResult)[pri:0, instance:com.learnautomation.testcases.LoginTestCRM@29176cc1]" name="testdownMethod" is-config="true" duration-ms="364" started-at="2021-01-02T19:05:09Z" finished-at="2021-01-02T19:05:10Z">
          <params>
            <param index="0">
              <value>
                <![CDATA[[TestResult name=LoginApp status=SUCCESS method=LoginTestCRM.LoginApp()[pri:0, instance:com.learnautomation.testcases.LoginTestCRM@29176cc1] output={null}]]]>
              </value>
            </param>
          </params>
          <reporter-output>
          </reporter-output>
        </test-method> <!-- testdownMethod -->
        <test-method status="PASS" signature="LoginApp1()[pri:0, instance:com.learnautomation.testcases.LoginTestCRM@29176cc1]" name="LoginApp1" duration-ms="1080" started-at="2021-01-02T19:05:10Z" finished-at="2021-01-02T19:05:11Z">
          <reporter-output>
          </reporter-output>
        </test-method> <!-- LoginApp1 -->
        <test-method status="PASS" signature="testdownMethod(org.testng.ITestResult)[pri:0, instance:com.learnautomation.testcases.LoginTestCRM@29176cc1]" name="testdownMethod" is-config="true" duration-ms="169" started-at="2021-01-02T19:05:11Z" finished-at="2021-01-02T19:05:11Z">
          <params>
            <param index="0">
              <value>
                <![CDATA[[TestResult name=LoginApp1 status=SUCCESS method=LoginTestCRM.LoginApp1()[pri:0, instance:com.learnautomation.testcases.LoginTestCRM@29176cc1] output={null}]]]>
              </value>
            </param>
          </params>
          <reporter-output>
          </reporter-output>
        </test-method> <!-- testdownMethod -->
        <test-method status="PASS" signature="teardown()[pri:0, instance:com.learnautomation.testcases.LoginTestCRM@29176cc1]" name="teardown" is-config="true" duration-ms="1000" started-at="2021-01-02T19:05:11Z" finished-at="2021-01-02T19:05:12Z">
          <reporter-output>
          </reporter-output>
        </test-method> <!-- teardown -->
      </class> <!-- com.learnautomation.testcases.LoginTestCRM -->
    </test> <!-- Default test -->
  </suite> <!-- Default suite -->
</testng-results>
